<?xml version="1.0" encoding="UTF-8"?>
<!-- Generated by org.testng.reporters.JUnitReportReporter -->
<testsuite hostname="Pratham-Sangar" failures="0" tests="2" name="org.pratham.tests.OnboardingTest" time="60.455" errors="0" timestamp="2024-02-29T14:02:20 IST" skipped="0">
  <testcase classname="org.pratham.tests.OnboardingTest" name="Login" time="31.014"/>
  <system-out/>
  <testcase classname="org.pratham.tests.OnboardingTest" name="basicInfo" time="29.441"/>
  <system-out/>
</testsuite> <!-- org.pratham.tests.OnboardingTest -->
