<?xml version="1.0" encoding="UTF-8"?>
<!-- Generated by org.testng.reporters.JUnitReportReporter -->
<testsuite hostname="Pratham-Sangar" failures="0" tests="1" name="org.pratham.tests.LoginPageTest" time="52.737" errors="0" timestamp="2024-02-29T13:26:30 IST" skipped="0">
  <testcase classname="org.pratham.tests.LoginPageTest" name="Login" time="52.737"/>
  <system-out/>
</testsuite> <!-- org.pratham.tests.LoginPageTest -->
