<?xml version="1.0" encoding="UTF-8"?>
<!-- Generated by org.testng.reporters.JUnitReportReporter -->
<testsuite hostname="Pratham-Sangar" failures="0" tests="1" name="org.pratham.tests.HomepageTests" time="15.001" errors="0" timestamp="2024-02-28T16:40:50 IST" skipped="0">
  <testcase classname="org.pratham.tests.HomepageTests" name="test2" time="15.001"/>
  <system-out/>
</testsuite> <!-- org.pratham.tests.HomepageTests -->
